000 (7316.000.000) 03/06 05:28:37 Job submitted from host: <128.83.120.146:46099>
...
001 (7316.000.000) 03/06 05:28:47 Job executing on host: <128.83.144.211:50970>
...
006 (7316.000.000) 03/06 05:28:56 Image size of job updated: 37035476
	127  -  MemoryUsage of job (MB)
	129312  -  ResidentSetSize of job (KB)
...
006 (7316.000.000) 03/06 05:33:57 Image size of job updated: 37035476
	1137  -  MemoryUsage of job (MB)
	1163800  -  ResidentSetSize of job (KB)
...
006 (7316.000.000) 03/06 05:38:57 Image size of job updated: 37035476
	1139  -  MemoryUsage of job (MB)
	1166276  -  ResidentSetSize of job (KB)
...
006 (7316.000.000) 03/06 06:34:04 Image size of job updated: 37035476
	1187  -  MemoryUsage of job (MB)
	1215412  -  ResidentSetSize of job (KB)
...
005 (7316.000.000) 03/06 06:36:48 Job terminated.
	(1) Normal termination (return value 0)
		Usr 0 01:10:05, Sys 0 00:00:04  -  Run Remote Usage
		Usr 0 00:00:00, Sys 0 00:00:00  -  Run Local Usage
		Usr 0 01:10:05, Sys 0 00:00:04  -  Total Remote Usage
		Usr 0 00:00:00, Sys 0 00:00:00  -  Total Local Usage
	0  -  Run Bytes Sent By Job
	0  -  Run Bytes Received By Job
	0  -  Total Bytes Sent By Job
	0  -  Total Bytes Received By Job
	Partitionable Resources :    Usage  Request Allocated
	   Cpus                 :                 1         1
	   Disk (KB)            :       10       10   7541873
	   Gpus                 :                           0
	   Memory (MB)          :     1187        1      4027
...
