000 (7316.004.000) 03/06 05:28:37 Job submitted from host: <128.83.120.146:46099>
...
001 (7316.004.000) 03/06 05:28:47 Job executing on host: <128.83.144.211:50970>
...
006 (7316.004.000) 03/06 05:28:56 Image size of job updated: 37035464
	42  -  MemoryUsage of job (MB)
	42800  -  ResidentSetSize of job (KB)
...
006 (7316.004.000) 03/06 05:33:57 Image size of job updated: 37035476
	382  -  MemoryUsage of job (MB)
	391008  -  ResidentSetSize of job (KB)
...
006 (7316.004.000) 03/06 05:38:57 Image size of job updated: 37035476
	1123  -  MemoryUsage of job (MB)
	1149792  -  ResidentSetSize of job (KB)
...
006 (7316.004.000) 03/06 05:43:58 Image size of job updated: 37035476
	1562  -  MemoryUsage of job (MB)
	1598984  -  ResidentSetSize of job (KB)
...
006 (7316.004.000) 03/06 06:34:02 Image size of job updated: 37035476
	1564  -  MemoryUsage of job (MB)
	1601248  -  ResidentSetSize of job (KB)
...
006 (7316.004.000) 03/06 06:54:04 Image size of job updated: 37035476
	1686  -  MemoryUsage of job (MB)
	1725752  -  ResidentSetSize of job (KB)
...
006 (7316.004.000) 03/06 06:59:05 Image size of job updated: 37035476
	1692  -  MemoryUsage of job (MB)
	1731876  -  ResidentSetSize of job (KB)
...
006 (7316.004.000) 03/06 07:04:06 Image size of job updated: 37035476
	1791  -  MemoryUsage of job (MB)
	1832976  -  ResidentSetSize of job (KB)
...
006 (7316.004.000) 03/06 07:09:06 Image size of job updated: 37035476
	1794  -  MemoryUsage of job (MB)
	1836036  -  ResidentSetSize of job (KB)
...
006 (7316.004.000) 03/06 07:19:07 Image size of job updated: 37035476
	1991  -  MemoryUsage of job (MB)
	2038240  -  ResidentSetSize of job (KB)
...
006 (7316.004.000) 03/06 07:34:08 Image size of job updated: 37035476
	2197  -  MemoryUsage of job (MB)
	2249092  -  ResidentSetSize of job (KB)
...
006 (7316.004.000) 03/06 07:49:10 Image size of job updated: 37035476
	2561  -  MemoryUsage of job (MB)
	2621464  -  ResidentSetSize of job (KB)
...
006 (7316.004.000) 03/06 07:59:13 Image size of job updated: 37035476
	2609  -  MemoryUsage of job (MB)
	2671412  -  ResidentSetSize of job (KB)
...
005 (7316.004.000) 03/06 09:32:34 Job terminated.
	(1) Normal termination (return value 0)
		Usr 0 04:09:42, Sys 0 00:00:12  -  Run Remote Usage
		Usr 0 00:00:00, Sys 0 00:00:00  -  Run Local Usage
		Usr 0 04:09:42, Sys 0 00:00:12  -  Total Remote Usage
		Usr 0 00:00:00, Sys 0 00:00:00  -  Total Local Usage
	0  -  Run Bytes Sent By Job
	0  -  Run Bytes Received By Job
	0  -  Total Bytes Sent By Job
	0  -  Total Bytes Received By Job
	Partitionable Resources :    Usage  Request Allocated
	   Cpus                 :                 1         1
	   Disk (KB)            :       10       10   7541873
	   Gpus                 :                           0
	   Memory (MB)          :     2609        1      4027
...
