000 (7317.004.000) 03/07 13:33:26 Job submitted from host: <128.83.120.146:34408>
...
001 (7317.004.000) 03/07 13:33:36 Job executing on host: <128.83.139.143:34441>
...
006 (7317.004.000) 03/07 13:33:45 Image size of job updated: 102612
	3  -  MemoryUsage of job (MB)
	2256  -  ResidentSetSize of job (KB)
...
022 (7317.004.000) 03/07 13:39:56 Job disconnected, attempting to reconnect
    Local schedd and job shadow died, schedd now running again
    Trying to reconnect to slot5@angrist-16.cs.utexas.edu <128.83.139.143:34441>
...
023 (7317.004.000) 03/07 13:39:58 Job reconnected to slot5@angrist-16.cs.utexas.edu
    startd address: <128.83.139.143:34441>
    starter address: <128.83.139.143:35340>
...
006 (7317.004.000) 03/07 13:43:46 Image size of job updated: 37035476
	998  -  MemoryUsage of job (MB)
	1021880  -  ResidentSetSize of job (KB)
...
001 (7317.004.000) 03/07 14:15:45 Job executing on host: <128.83.139.143:34441>
...
006 (7317.004.000) 03/07 14:20:53 Image size of job updated: 37500000
	4113  -  MemoryUsage of job (MB)
	4211652  -  ResidentSetSize of job (KB)
...
007 (7317.004.000) 03/07 19:32:27 Shadow exception!
	Can no longer talk to condor_starter <128.83.130.161:54625>
	0  -  Run Bytes Sent By Job
	0  -  Run Bytes Received By Job
...
007 (7317.004.000) 03/07 19:32:27 Shadow exception!
	Can no longer talk to condor_starter <128.83.130.161:54625>
	0  -  Run Bytes Sent By Job
	0  -  Run Bytes Received By Job
...
007 (7317.004.000) 03/07 19:32:27 Shadow exception!
	Can no longer talk to condor_starter <128.83.130.161:54625>
	0  -  Run Bytes Sent By Job
	0  -  Run Bytes Received By Job
...
007 (7317.004.000) 03/07 19:32:27 Shadow exception!
	Can no longer talk to condor_starter <128.83.130.161:54625>
	0  -  Run Bytes Sent By Job
	0  -  Run Bytes Received By Job
...
007 (7317.004.000) 03/07 19:32:27 Shadow exception!
	Can no longer talk to condor_starter <128.83.130.161:54625>
	0  -  Run Bytes Sent By Job
	0  -  Run Bytes Received By Job
...
007 (7317.004.000) 03/07 19:32:57 Shadow exception!
	Can no longer talk to condor_starter <128.83.130.161:54625>
	0  -  Run Bytes Sent By Job
	0  -  Run Bytes Received By Job
...
007 (7317.004.000) 03/07 19:32:57 Shadow exception!
	Can no longer talk to condor_starter <128.83.130.161:54625>
	0  -  Run Bytes Sent By Job
	0  -  Run Bytes Received By Job
...
007 (7317.004.000) 03/07 19:32:58 Shadow exception!
	Can no longer talk to condor_starter <128.83.130.161:54625>
	0  -  Run Bytes Sent By Job
	0  -  Run Bytes Received By Job
...
007 (7317.004.000) 03/07 19:32:58 Shadow exception!
	Can no longer talk to condor_starter <128.83.130.161:54625>
	0  -  Run Bytes Sent By Job
	0  -  Run Bytes Received By Job
...
007 (7317.004.000) 03/07 19:32:58 Shadow exception!
	Can no longer talk to condor_starter <128.83.130.161:54625>
	0  -  Run Bytes Sent By Job
	0  -  Run Bytes Received By Job
...
007 (7317.004.000) 03/07 19:33:30 Shadow exception!
	Can no longer talk to condor_starter <128.83.130.161:54625>
	0  -  Run Bytes Sent By Job
	0  -  Run Bytes Received By Job
...
007 (7317.004.000) 03/07 19:33:30 Shadow exception!
	Can no longer talk to condor_starter <128.83.130.161:54625>
	0  -  Run Bytes Sent By Job
	0  -  Run Bytes Received By Job
...
007 (7317.004.000) 03/07 19:33:30 Shadow exception!
	Can no longer talk to condor_starter <128.83.130.161:54625>
	0  -  Run Bytes Sent By Job
	0  -  Run Bytes Received By Job
...
007 (7317.004.000) 03/07 19:33:30 Shadow exception!
	Can no longer talk to condor_starter <128.83.130.161:54625>
	0  -  Run Bytes Sent By Job
	0  -  Run Bytes Received By Job
...
007 (7317.004.000) 03/07 19:33:30 Shadow exception!
	Can no longer talk to condor_starter <128.83.130.161:54625>
	0  -  Run Bytes Sent By Job
	0  -  Run Bytes Received By Job
...
007 (7317.004.000) 03/07 19:34:00 Shadow exception!
	Can no longer talk to condor_starter <128.83.130.161:54625>
	0  -  Run Bytes Sent By Job
	0  -  Run Bytes Received By Job
...
007 (7317.004.000) 03/07 19:34:00 Shadow exception!
	Can no longer talk to condor_starter <128.83.130.161:54625>
	0  -  Run Bytes Sent By Job
	0  -  Run Bytes Received By Job
...
007 (7317.004.000) 03/07 19:34:00 Shadow exception!
	Can no longer talk to condor_starter <128.83.130.161:54625>
	0  -  Run Bytes Sent By Job
	0  -  Run Bytes Received By Job
...
007 (7317.004.000) 03/07 19:34:00 Shadow exception!
	Can no longer talk to condor_starter <128.83.130.161:54625>
	0  -  Run Bytes Sent By Job
	0  -  Run Bytes Received By Job
...
007 (7317.004.000) 03/07 19:34:01 Shadow exception!
	Can no longer talk to condor_starter <128.83.130.161:54625>
	0  -  Run Bytes Sent By Job
	0  -  Run Bytes Received By Job
...
007 (7317.004.000) 03/07 19:34:30 Shadow exception!
	Can no longer talk to condor_starter <128.83.130.161:54625>
	0  -  Run Bytes Sent By Job
	0  -  Run Bytes Received By Job
...
007 (7317.004.000) 03/07 19:34:30 Shadow exception!
	Can no longer talk to condor_starter <128.83.130.161:54625>
	0  -  Run Bytes Sent By Job
	0  -  Run Bytes Received By Job
...
007 (7317.004.000) 03/07 19:34:30 Shadow exception!
	Can no longer talk to condor_starter <128.83.130.161:54625>
	0  -  Run Bytes Sent By Job
	0  -  Run Bytes Received By Job
...
007 (7317.004.000) 03/07 19:34:30 Shadow exception!
	Can no longer talk to condor_starter <128.83.130.161:54625>
	0  -  Run Bytes Sent By Job
	0  -  Run Bytes Received By Job
...
007 (7317.004.000) 03/07 19:34:31 Shadow exception!
	Can no longer talk to condor_starter <128.83.130.161:54625>
	0  -  Run Bytes Sent By Job
	0  -  Run Bytes Received By Job
...
001 (7317.004.000) 03/07 19:35:00 Job executing on host: <128.83.130.161:54625>
...
005 (7317.004.000) 03/07 20:28:10 Job terminated.
	(1) Normal termination (return value 0)
		Usr 0 00:54:52, Sys 0 00:00:05  -  Run Remote Usage
		Usr 0 00:00:00, Sys 0 00:00:00  -  Run Local Usage
		Usr 0 00:54:52, Sys 0 00:00:05  -  Total Remote Usage
		Usr 0 00:00:00, Sys 0 00:00:00  -  Total Local Usage
	0  -  Run Bytes Sent By Job
	0  -  Run Bytes Received By Job
	0  -  Total Bytes Sent By Job
	0  -  Total Bytes Received By Job
	Partitionable Resources :    Usage  Request Allocated
	   Cpus                 :                 1         1
	   Disk (KB)            :       10       10   1908781
	   Gpus                 :                           0
	   Memory (MB)          :     4151     4151     24188
...
