000 (7316.001.000) 03/06 05:28:37 Job submitted from host: <128.83.120.146:46099>
...
001 (7316.001.000) 03/06 05:28:47 Job executing on host: <128.83.144.211:50970>
...
006 (7316.001.000) 03/06 05:28:56 Image size of job updated: 37036420
	56  -  MemoryUsage of job (MB)
	57260  -  ResidentSetSize of job (KB)
...
006 (7316.001.000) 03/06 05:33:57 Image size of job updated: 37036420
	948  -  MemoryUsage of job (MB)
	970428  -  ResidentSetSize of job (KB)
...
006 (7316.001.000) 03/06 05:43:57 Image size of job updated: 37036420
	1103  -  MemoryUsage of job (MB)
	1128672  -  ResidentSetSize of job (KB)
...
006 (7316.001.000) 03/06 05:48:58 Image size of job updated: 37036420
	1130  -  MemoryUsage of job (MB)
	1156380  -  ResidentSetSize of job (KB)
...
006 (7316.001.000) 03/06 05:53:59 Image size of job updated: 37036420
	1132  -  MemoryUsage of job (MB)
	1158408  -  ResidentSetSize of job (KB)
...
006 (7316.001.000) 03/06 05:58:59 Image size of job updated: 37036420
	1144  -  MemoryUsage of job (MB)
	1171260  -  ResidentSetSize of job (KB)
...
006 (7316.001.000) 03/06 06:03:59 Image size of job updated: 37036420
	1247  -  MemoryUsage of job (MB)
	1276164  -  ResidentSetSize of job (KB)
...
006 (7316.001.000) 03/06 06:09:00 Image size of job updated: 37036420
	1319  -  MemoryUsage of job (MB)
	1350416  -  ResidentSetSize of job (KB)
...
006 (7316.001.000) 03/06 06:14:01 Image size of job updated: 37036420
	1376  -  MemoryUsage of job (MB)
	1408796  -  ResidentSetSize of job (KB)
...
006 (7316.001.000) 03/06 06:19:01 Image size of job updated: 37036420
	1380  -  MemoryUsage of job (MB)
	1412408  -  ResidentSetSize of job (KB)
...
005 (7316.001.000) 03/06 06:41:21 Job terminated.
	(1) Normal termination (return value 0)
		Usr 0 01:15:01, Sys 0 00:00:05  -  Run Remote Usage
		Usr 0 00:00:00, Sys 0 00:00:00  -  Run Local Usage
		Usr 0 01:15:01, Sys 0 00:00:05  -  Total Remote Usage
		Usr 0 00:00:00, Sys 0 00:00:00  -  Total Local Usage
	0  -  Run Bytes Sent By Job
	0  -  Run Bytes Received By Job
	0  -  Total Bytes Sent By Job
	0  -  Total Bytes Received By Job
	Partitionable Resources :    Usage  Request Allocated
	   Cpus                 :                 1         1
	   Disk (KB)            :       10       10   7541873
	   Gpus                 :                           0
	   Memory (MB)          :     1380        1      4027
...
