000 (7317.001.000) 03/07 13:33:26 Job submitted from host: <128.83.120.146:34408>
...
001 (7317.001.000) 03/07 13:33:36 Job executing on host: <128.83.139.143:34441>
...
006 (7317.001.000) 03/07 13:33:45 Image size of job updated: 102608
	3  -  MemoryUsage of job (MB)
	2256  -  ResidentSetSize of job (KB)
...
022 (7317.001.000) 03/07 13:39:56 Job disconnected, attempting to reconnect
    Local schedd and job shadow died, schedd now running again
    Trying to reconnect to slot2@angrist-16.cs.utexas.edu <128.83.139.143:34441>
...
023 (7317.001.000) 03/07 13:39:58 Job reconnected to slot2@angrist-16.cs.utexas.edu
    startd address: <128.83.139.143:34441>
    starter address: <128.83.139.143:36642>
...
006 (7317.001.000) 03/07 13:41:49 Image size of job updated: 37035476
	0  -  MemoryUsage of job (MB)
	0  -  ResidentSetSize of job (KB)
...
005 (7317.001.000) 03/07 13:41:49 Job terminated.
	(1) Normal termination (return value 0)
		Usr 0 00:08:34, Sys 0 00:00:01  -  Run Remote Usage
		Usr 0 00:00:00, Sys 0 00:00:00  -  Run Local Usage
		Usr 0 00:08:34, Sys 0 00:00:01  -  Total Remote Usage
		Usr 0 00:00:00, Sys 0 00:00:00  -  Total Local Usage
	0  -  Run Bytes Sent By Job
	0  -  Run Bytes Received By Job
	0  -  Total Bytes Sent By Job
	0  -  Total Bytes Received By Job
	Partitionable Resources :    Usage  Request          
	   Cpus                 :                 1          
	   Disk (KB)            :       10       10          
	   Memory (MB)          :        0        0          
...
