000 (7314.000.000) 03/06 04:55:15 Job submitted from host: <128.83.120.146:46099>
...
001 (7314.000.000) 03/06 04:55:25 Job executing on host: <128.83.144.211:50970>
...
006 (7314.000.000) 03/06 04:55:34 Image size of job updated: 10
	2  -  MemoryUsage of job (MB)
	2004  -  ResidentSetSize of job (KB)
...
006 (7314.000.000) 03/06 05:00:34 Image size of job updated: 37035476
	519  -  MemoryUsage of job (MB)
	530908  -  ResidentSetSize of job (KB)
...
006 (7314.000.000) 03/06 05:05:34 Image size of job updated: 37035476
	581  -  MemoryUsage of job (MB)
	594224  -  ResidentSetSize of job (KB)
...
006 (7314.000.000) 03/06 05:10:35 Image size of job updated: 37035476
	588  -  MemoryUsage of job (MB)
	601508  -  ResidentSetSize of job (KB)
...
006 (7314.000.000) 03/06 05:15:36 Image size of job updated: 37035476
	622  -  MemoryUsage of job (MB)
	636712  -  ResidentSetSize of job (KB)
...
006 (7314.000.000) 03/06 05:20:36 Image size of job updated: 37035476
	654  -  MemoryUsage of job (MB)
	669164  -  ResidentSetSize of job (KB)
...
006 (7314.000.000) 03/06 05:30:38 Image size of job updated: 37035476
	771  -  MemoryUsage of job (MB)
	788576  -  ResidentSetSize of job (KB)
...
006 (7314.000.000) 03/06 05:35:38 Image size of job updated: 37035476
	1076  -  MemoryUsage of job (MB)
	1101512  -  ResidentSetSize of job (KB)
...
006 (7314.000.000) 03/06 05:45:39 Image size of job updated: 37035476
	1279  -  MemoryUsage of job (MB)
	1308864  -  ResidentSetSize of job (KB)
...
006 (7314.000.000) 03/06 05:55:39 Image size of job updated: 37035476
	1284  -  MemoryUsage of job (MB)
	1314168  -  ResidentSetSize of job (KB)
...
006 (7314.000.000) 03/06 06:00:40 Image size of job updated: 37035476
	1291  -  MemoryUsage of job (MB)
	1321360  -  ResidentSetSize of job (KB)
...
005 (7314.000.000) 03/06 06:12:30 Job terminated.
	(1) Normal termination (return value 0)
		Usr 0 01:19:30, Sys 0 00:00:05  -  Run Remote Usage
		Usr 0 00:00:00, Sys 0 00:00:00  -  Run Local Usage
		Usr 0 01:19:30, Sys 0 00:00:05  -  Total Remote Usage
		Usr 0 00:00:00, Sys 0 00:00:00  -  Total Local Usage
	0  -  Run Bytes Sent By Job
	0  -  Run Bytes Received By Job
	0  -  Total Bytes Sent By Job
	0  -  Total Bytes Received By Job
	Partitionable Resources :    Usage  Request Allocated
	   Cpus                 :                 1         1
	   Disk (KB)            :       10       10   7541874
	   Gpus                 :                           0
	   Memory (MB)          :     1291        1      4027
...
